<?xml version="1.0" encoding="UTF-8"?>
<!-- Generated by org.testng.reporters.JUnitXMLReporter -->
<testsuite ignored="0" hostname="DESKTOP-FSO8DM0" failures="0" tests="3" name="Test1" time="71.442" errors="0" timestamp="2026-04-26T09:14:37 IST">
  <testcase classname="baseClass.BaseClass" name="@BeforeMethod beforeMethod" time="49.959">
    <failure type="org.openqa.selenium.NoSuchSessionException" message="invalid session id: session deleted as the browser has closed the connection
from disconnected: unable to send message to renderer
  (Session info: MicrosoftEdge=147.0.3912.72)
Build info: version: &amp;apos;4.40.0&amp;apos;, revision: &amp;apos;b3333f1&amp;apos;
System info: os.name: &amp;apos;Windows 10&amp;apos;, os.arch: &amp;apos;amd64&amp;apos;, os.version: &amp;apos;10.0&amp;apos;, java.version: &amp;apos;17.0.12&amp;apos;
Driver info: org.openqa.selenium.edge.EdgeDriver
Command: [dfdf99639788d8d5eea8293c3e15bbd2, findElement {value=username, using=id}]
Capabilities {acceptInsecureCerts: false, browserName: MicrosoftEdge, browserVersion: 147.0.3912.72, fedcm:accounts: true, goog:processID: 14344, ms:edgeOptions: {debuggerAddress: localhost:60181}, msedge: {msedgedriverVersion: 147.0.3912.86 (3a0d90fcf938..., userDataDir: C:\Users\YASH1\AppData\Loca...}, networkConnectionEnabled: false, pageLoadStrategy: normal, platformName: windows, proxy: Proxy(), se:cdp: ws://localhost:60181/devtoo..., se:cdpVersion: 147.0.3912.72, setWindowRect: true, strictFileInteractability: false, timeouts: {implicit: 0, pageLoad: 300000, script: 30000}, unhandledPromptBehavior: dismiss and notify, webauthn:extension:credBlob: true, webauthn:extension:largeBlob: true, webauthn:extension:minPinLength: true, webauthn:extension:prf: true, webauthn:virtualAuthenticators: true}
Session ID: dfdf99639788d8d5eea8293c3e15bbd2">
      <![CDATA[org.openqa.selenium.NoSuchSessionException: invalid session id: session deleted as the browser has closed the connection
from disconnected: unable to send message to renderer
  (Session info: MicrosoftEdge=147.0.3912.72)
Build info: version: '4.40.0', revision: 'b3333f1'
System info: os.name: 'Windows 10', os.arch: 'amd64', os.version: '10.0', java.version: '17.0.12'
Driver info: org.openqa.selenium.edge.EdgeDriver
Command: [dfdf99639788d8d5eea8293c3e15bbd2, findElement {value=username, using=id}]
Capabilities {acceptInsecureCerts: false, browserName: MicrosoftEdge, browserVersion: 147.0.3912.72, fedcm:accounts: true, goog:processID: 14344, ms:edgeOptions: {debuggerAddress: localhost:60181}, msedge: {msedgedriverVersion: 147.0.3912.86 (3a0d90fcf938..., userDataDir: C:\Users\YASH1\AppData\Loca...}, networkConnectionEnabled: false, pageLoadStrategy: normal, platformName: windows, proxy: Proxy(), se:cdp: ws://localhost:60181/devtoo..., se:cdpVersion: 147.0.3912.72, setWindowRect: true, strictFileInteractability: false, timeouts: {implicit: 0, pageLoad: 300000, script: 30000}, unhandledPromptBehavior: dismiss and notify, webauthn:extension:credBlob: true, webauthn:extension:largeBlob: true, webauthn:extension:minPinLength: true, webauthn:extension:prf: true, webauthn:virtualAuthenticators: true}
Session ID: dfdf99639788d8d5eea8293c3e15bbd2
at org.openqa.selenium.remote.ErrorCodec.decode(ErrorCodec.java:169)
at org.openqa.selenium.remote.codec.w3c.W3CHttpResponseCodec.decode(W3CHttpResponseCodec.java:142)
at org.openqa.selenium.remote.codec.w3c.W3CHttpResponseCodec.decode(W3CHttpResponseCodec.java:49)
at org.openqa.selenium.remote.HttpCommandExecutor.execute(HttpCommandExecutor.java:223)
at org.openqa.selenium.remote.service.DriverCommandExecutor.invokeExecute(DriverCommandExecutor.java:216)
at org.openqa.selenium.remote.service.DriverCommandExecutor.execute(DriverCommandExecutor.java:174)
at org.openqa.selenium.remote.RemoteWebDriver.execute(RemoteWebDriver.java:601)
at org.openqa.selenium.remote.ElementLocation$ElementFinder$2.findElement(ElementLocation.java:166)
at org.openqa.selenium.remote.ElementLocation.findElement(ElementLocation.java:67)
at org.openqa.selenium.remote.RemoteWebDriver.findElement(RemoteWebDriver.java:424)
at org.openqa.selenium.remote.RemoteWebDriver.findElement(RemoteWebDriver.java:418)
at org.openqa.selenium.support.pagefactory.DefaultElementLocator.findElement(DefaultElementLocator.java:68)
at org.openqa.selenium.support.pagefactory.internal.LocatingElementHandler.invoke(LocatingElementHandler.java:38)
at jdk.proxy2/jdk.proxy2.$Proxy16.sendKeys(Unknown Source)
at baseClass.BaseClass.beforeMethod(BaseClass.java:70)
at java.base/java.util.ArrayList.forEach(ArrayList.java:1511)
... Removed 31 stack frames]]>
    </failure>
  </testcase> <!-- @BeforeMethod beforeMethod -->
  <testcase classname="baseClass.BaseClass" name="@AfterMethod afterMethod" time="0.0">
    <skipped/>
  </testcase> <!-- @AfterMethod afterMethod -->
  <testcase classname="baseClass.BaseClass" name="@BeforeMethod beforeMethod" time="0.0">
    <skipped/>
  </testcase> <!-- @BeforeMethod beforeMethod -->
  <testcase classname="baseClass.BaseClass" name="@AfterMethod afterMethod" time="0.0">
    <skipped/>
  </testcase> <!-- @AfterMethod afterMethod -->
  <testcase classname="baseClass.BaseClass" name="@BeforeMethod beforeMethod" time="0.0">
    <skipped/>
  </testcase> <!-- @BeforeMethod beforeMethod -->
  <testcase classname="baseClass.BaseClass" name="@AfterMethod afterMethod" time="0.0">
    <skipped/>
  </testcase> <!-- @AfterMethod afterMethod -->
  <testcase classname="baseClass.BaseClass" name="@AfterClass afterClass" time="0.0">
    <skipped/>
  </testcase> <!-- @AfterClass afterClass -->
  <testcase classname="testng.CreateCampaign" name="createCampaignWithMandatoryFields" time="0.0">
    <skipped/>
  </testcase> <!-- createCampaignWithMandatoryFields -->
  <testcase classname="testng.CreateCampaign" name="createCampaignWithStatus" time="0.0">
    <skipped/>
  </testcase> <!-- createCampaignWithStatus -->
  <testcase classname="testng.CreateCampaign" name="createCampaignWithExpectedDate" time="0.0">
    <skipped/>
  </testcase> <!-- createCampaignWithExpectedDate -->
</testsuite> <!-- Test1 -->
