<?xml version="1.0" encoding="UTF-8"?>
<!-- Generated by org.testng.reporters.JUnitReportReporter -->
<testsuite hostname="DESKTOP-FSO8DM0" failures="0" tests="8" name="testng.sample" time="121.045" errors="0" timestamp="2026-04-05T09:55:12 IST" skipped="0">
  <testcase classname="testng.sample" name="test" time="23.440"/>
  <testcase classname="testng.sample" name="test" time="14.921"/>
  <testcase classname="testng.sample" name="test2" time="8.941"/>
  <testcase classname="testng.sample" name="test" time="15.158"/>
  <testcase classname="testng.sample" name="test1" time="8.876"/>
  <testcase classname="testng.sample" name="test" time="12.348"/>
  <testcase classname="testng.sample" name="test" time="28.034"/>
  <testcase classname="testng.sample" name="test" time="9.327"/>
</testsuite> <!-- testng.sample -->
