<?xml version="1.0" encoding="UTF-8"?>
<!-- Generated by org.testng.reporters.JUnitReportReporter -->
<testsuite hostname="DESKTOP-FSO8DM0" failures="0" tests="4" name="testng.SampleDataProvider1" time="40.006" errors="0" timestamp="2026-04-05T11:16:45 IST" skipped="0">
  <testcase classname="testng.SampleDataProvider1" name="logInProgram" time="8.355"/>
  <testcase classname="testng.SampleDataProvider1" name="logInProgram" time="8.838"/>
  <testcase classname="testng.SampleDataProvider1" name="logInProgram" time="14.463"/>
  <testcase classname="testng.SampleDataProvider1" name="logInProgram" time="8.350"/>
</testsuite> <!-- testng.SampleDataProvider1 -->
