<?xml version="1.0" encoding="UTF-8"?>
<!-- Generated by org.testng.reporters.JUnitReportReporter -->
<testsuite hostname="DESKTOP-FSO8DM0" failures="0" tests="3" name="testng.CreateCampaign" time="21.906" errors="0" timestamp="2026-04-19T11:16:49 IST" skipped="0">
  <testcase classname="testng.CreateCampaign" name="createCampaignWithMandatoryFields" time="8.914">
    <system-out>
      <![CDATA[Capaign Successfully Created]]>
    </system-out>
  </testcase> <!-- createCampaignWithMandatoryFields -->
  <testcase classname="testng.CreateCampaign" name="createCampaignWithStatus" time="7.235">
    <system-out>
      <![CDATA[Capaign Successfully Created]]>
    </system-out>
  </testcase> <!-- createCampaignWithStatus -->
  <testcase classname="testng.CreateCampaign" name="createCampaignWithExpectedDate" time="5.757">
    <system-out>
      <![CDATA[Capaign Successfully Created]]>
    </system-out>
  </testcase> <!-- createCampaignWithExpectedDate -->
  <system-out>
    <![CDATA[Capaign Successfully Created
Capaign Successfully Created
Capaign Successfully Created]]>
  </system-out>
</testsuite> <!-- testng.CreateCampaign -->
