<?xml version="1.0" encoding="UTF-8"?>
<!-- Generated by org.testng.reporters.JUnitReportReporter -->
<testsuite hostname="DESKTOP-FSO8DM0" failures="0" tests="3" name="testng.SampleDataProvider" time="48.741" errors="0" timestamp="2026-04-05T11:12:45 IST" skipped="0">
  <testcase classname="testng.SampleDataProvider" name="logInProgram" time="14.125"/>
  <testcase classname="testng.SampleDataProvider" name="logInProgram" time="14.865"/>
  <testcase classname="testng.SampleDataProvider" name="logInProgram" time="19.751"/>
</testsuite> <!-- testng.SampleDataProvider -->
