<?xml version="1.0" encoding="UTF-8"?>
<!-- Generated by org.testng.reporters.JUnitReportReporter -->
<testsuite hostname="DESKTOP-FSO8DM0" failures="0" tests="3" name="testng.SampleDataProvider2" time="35.907" errors="0" timestamp="2026-04-05T11:53:49 IST" skipped="0">
  <testcase classname="testng.SampleDataProvider2" name="logInProgram" time="15.881"/>
  <testcase classname="testng.SampleDataProvider2" name="logInProgram" time="9.889"/>
  <testcase classname="testng.SampleDataProvider2" name="logInProgram" time="10.137"/>
</testsuite> <!-- testng.SampleDataProvider2 -->
