<?xml version="1.0" encoding="UTF-8"?>
<!-- Generated by org.testng.reporters.JUnitReportReporter -->
<testsuite hostname="DESKTOP-FSO8DM0" failures="0" tests="3" name="testng.SampleDataProvider2" time="35.743" errors="0" timestamp="2026-04-19T09:39:25 IST" skipped="0">
  <testcase classname="testng.SampleDataProvider2" name="logInProgram" time="18.061"/>
  <testcase classname="testng.SampleDataProvider2" name="logInProgram" time="8.632"/>
  <testcase classname="testng.SampleDataProvider2" name="logInProgram" time="9.050"/>
</testsuite> <!-- testng.SampleDataProvider2 -->
