<?xml version="1.0" encoding="UTF-8"?>
<!-- Generated by org.testng.reporters.JUnitXMLReporter -->
<testsuite ignored="0" hostname="DESKTOP-FSO8DM0" failures="0" tests="3" name="Default test" time="22.101" errors="0" timestamp="2026-04-19T11:16:48 IST">
  <testcase classname="testng.CreateCampaign" name="createCampaignWithMandatoryFields" time="5.459"/>
  <testcase classname="testng.CreateCampaign" name="createCampaignWithStatus" time="2.532"/>
  <testcase classname="testng.CreateCampaign" name="createCampaignWithExpectedDate" time="2.1"/>
</testsuite> <!-- Default test -->
