<?xml version="1.0" encoding="UTF-8"?>
<!-- Generated by org.testng.reporters.JUnitXMLReporter -->
<testsuite ignored="0" hostname="DESKTOP-FSO8DM0" failures="0" tests="3" name="Default test" time="38.818" errors="0" timestamp="2026-04-19T09:39:25 IST">
  <testcase classname="testng.SampleDataProvider2" name="logInProgram" time="18.061"/>
  <testcase classname="testng.SampleDataProvider2" name="logInProgram" time="9.05"/>
  <testcase classname="testng.SampleDataProvider2" name="logInProgram" time="8.632"/>
</testsuite> <!-- Default test -->
