<?xml version="1.0" encoding="UTF-8"?>
<testng-results ignored="0" total="3" passed="3" failed="0" skipped="0">
  <reporter-output>
  </reporter-output>
  <suite started-at="2026-04-19T09:38:46 IST" name="Default suite" finished-at="2026-04-19T09:39:25 IST" duration-ms="38818">
    <groups>
    </groups>
    <test started-at="2026-04-19T09:38:46 IST" name="Default test" finished-at="2026-04-19T09:39:25 IST" duration-ms="38818">
      <class name="testng.SampleDataProvider2">
        <test-method signature="logInProgram(java.lang.String,java.lang.String)[pri:0, instance:testng.SampleDataProvider2@51399530]" started-at="2026-04-19T09:38:49 IST" name="logInProgram" data-provider="loginDetails" finished-at="2026-04-19T09:39:07 IST" duration-ms="18061" status="PASS">
          <params>
            <param index="0">
              <value>
                <![CDATA[yash]]>
              </value>
            </param>
            <param index="1">
              <value>
                <![CDATA[y@1234]]>
              </value>
            </param>
          </params>
          <reporter-output>
          </reporter-output>
        </test-method> <!-- logInProgram -->
        <test-method signature="logInProgram(java.lang.String,java.lang.String)[pri:0, instance:testng.SampleDataProvider2@51399530]" started-at="2026-04-19T09:39:07 IST" name="logInProgram" data-provider="loginDetails" finished-at="2026-04-19T09:39:16 IST" duration-ms="9050" status="PASS">
          <params>
            <param index="0">
              <value>
                <![CDATA[vivek]]>
              </value>
            </param>
            <param index="1">
              <value>
                <![CDATA[v@1234]]>
              </value>
            </param>
          </params>
          <reporter-output>
          </reporter-output>
        </test-method> <!-- logInProgram -->
        <test-method signature="logInProgram(java.lang.String,java.lang.String)[pri:0, instance:testng.SampleDataProvider2@51399530]" started-at="2026-04-19T09:39:16 IST" name="logInProgram" data-provider="loginDetails" finished-at="2026-04-19T09:39:25 IST" duration-ms="8632" status="PASS">
          <params>
            <param index="0">
              <value>
                <![CDATA[abhi]]>
              </value>
            </param>
            <param index="1">
              <value>
                <![CDATA[a@1234]]>
              </value>
            </param>
          </params>
          <reporter-output>
          </reporter-output>
        </test-method> <!-- logInProgram -->
      </class> <!-- testng.SampleDataProvider2 -->
    </test> <!-- Default test -->
  </suite> <!-- Default suite -->
</testng-results>
